  Common.cpp
  Font.cpp
Font.cpp(70): warning C4838: conversion from 'FT_Pos' to 'GLuint' requires a narrowing conversion
  Main.cpp
Main.cpp(26): warning C4305: 'initializing': truncation from 'double' to 'float'
Main.cpp(122): warning C4244: '=': conversion from 'double' to 'float', possible loss of data
Main.cpp(123): warning C4244: '=': conversion from 'double' to 'float', possible loss of data
Main.cpp(127): warning C4244: 'initializing': conversion from 'double' to 'float', possible loss of data
Main.cpp(128): warning C4244: 'initializing': conversion from 'double' to 'float', possible loss of data
Main.cpp(130): warning C4244: '=': conversion from 'double' to 'float', possible loss of data
Main.cpp(131): warning C4244: '=': conversion from 'double' to 'float', possible loss of data
Main.cpp(184): warning C4244: '+=': conversion from 'double' to 'float', possible loss of data
Main.cpp(329): warning C4244: 'initializing': conversion from 'double' to 'float', possible loss of data
Main.cpp(331): warning C4244: '=': conversion from 'double' to 'float', possible loss of data
Main.cpp(333): warning C4244: '=': conversion from 'double' to 'float', possible loss of data
Main.cpp(341): warning C4244: '-=': conversion from 'double' to 'float', possible loss of data
Main.cpp(343): warning C4244: '+=': conversion from 'double' to 'float', possible loss of data
Main.cpp(361): warning C4305: 'argument': truncation from 'double' to 'GLfloat'
Main.cpp(361): warning C4244: 'argument': conversion from 'int' to 'GLfloat', possible loss of data
Main.cpp(362): warning C4305: 'argument': truncation from 'double' to 'GLfloat'
Main.cpp(362): warning C4244: 'argument': conversion from 'int' to 'GLfloat', possible loss of data
Main.cpp(363): warning C4305: 'argument': truncation from 'double' to 'GLfloat'
Main.cpp(364): warning C4305: 'argument': truncation from 'double' to 'GLfloat'
Main.cpp(365): warning C4305: 'argument': truncation from 'double' to 'GLfloat'
  Shader.cpp
  ShadowHandler.cpp
  Terrain.cpp
Terrain.cpp(467): warning C4018: '<': signed/unsigned mismatch
LINK : warning LNK4098: defaultlib 'MSVCRTD' conflicts with use of other libs; use /NODEFAULTLIB:library
  Generating code
  1 of 1086 functions ( 0.1%) were compiled, the rest were copied from previous compilation.
    0 functions were new in current compilation
    0 functions had inline decision re-evaluated but remain unchanged
  Finished generating code
  TerrainRenderer.vcxproj -> C:\Users\Jordan\documents\visual studio 2015\Projects\TerrainRenderer\Release\TerrainRenderer.exe
  TerrainRenderer.vcxproj -> C:\Users\Jordan\documents\visual studio 2015\Projects\TerrainRenderer\Release\TerrainRenderer.pdb (Full PDB)
